C:\Users\localadmin\Videos\StoreCommerce43\Pos\Helpers.js
C:\Users\localadmin\Videos\StoreCommerce43\Pos\Helpers.js.map
C:\Users\localadmin\Videos\StoreCommerce43\Pos\DataService\DataServiceEntities.g.js
C:\Users\localadmin\Videos\StoreCommerce43\Pos\DataService\DataServiceEntities.g.js.map
C:\Users\localadmin\Videos\StoreCommerce43\Pos\DataService\DataServiceRequests.g.js
C:\Users\localadmin\Videos\StoreCommerce43\Pos\DataService\DataServiceRequests.g.js.map
C:\Users\localadmin\Videos\StoreCommerce43\Pos\Dialog\CfzICustomerBalanceResult.js
C:\Users\localadmin\Videos\StoreCommerce43\Pos\Dialog\CfzICustomerBalanceResult.js.map
C:\Users\localadmin\Videos\StoreCommerce43\Pos\Dialog\CfzCustomerBalance.js
C:\Users\localadmin\Videos\StoreCommerce43\Pos\Dialog\CfzCustomerBalance.js.map
C:\Users\localadmin\Videos\StoreCommerce43\Pos\Dialog\CfzICustomerSearchScanResult.js
C:\Users\localadmin\Videos\StoreCommerce43\Pos\Dialog\CfzICustomerSearchScanResult.js.map
C:\Users\localadmin\Videos\StoreCommerce43\Pos\Dialog\CfzCustomerSearchScan.js
C:\Users\localadmin\Videos\StoreCommerce43\Pos\Dialog\CfzCustomerSearchScan.js.map
C:\Users\localadmin\Videos\StoreCommerce43\Pos\Dialog\MessageDialog.js
C:\Users\localadmin\Videos\StoreCommerce43\Pos\Dialog\MessageDialog.js.map
C:\Users\localadmin\Videos\StoreCommerce43\Pos\Extend\CFZTransactionTrigger\CfzGlobalData.js
C:\Users\localadmin\Videos\StoreCommerce43\Pos\Extend\CFZTransactionTrigger\CfzGlobalData.js.map
C:\Users\localadmin\Videos\StoreCommerce43\Pos\Extend\CFZTransactionTrigger\PostCustomerSearchTrigger.js
C:\Users\localadmin\Videos\StoreCommerce43\Pos\Extend\CFZTransactionTrigger\PostCustomerSearchTrigger.js.map
C:\Users\localadmin\Videos\StoreCommerce43\Pos\Extend\CFZTransactionTrigger\PostEndTransactionTrigger.js
C:\Users\localadmin\Videos\StoreCommerce43\Pos\Extend\CFZTransactionTrigger\PostEndTransactionTrigger.js.map
C:\Users\localadmin\Videos\StoreCommerce43\Pos\Extend\CFZTransactionTrigger\PostOperationTrigger.js
C:\Users\localadmin\Videos\StoreCommerce43\Pos\Extend\CFZTransactionTrigger\PostOperationTrigger.js.map
C:\Users\localadmin\Videos\StoreCommerce43\Pos\Extend\CFZTransactionTrigger\PreEndTransactionTrigger.js
C:\Users\localadmin\Videos\StoreCommerce43\Pos\Extend\CFZTransactionTrigger\PreEndTransactionTrigger.js.map
C:\Users\localadmin\Videos\StoreCommerce43\Pos\Extend\CFZTransactionTrigger\PreOperationTrigger.js
C:\Users\localadmin\Videos\StoreCommerce43\Pos\Extend\CFZTransactionTrigger\PreOperationTrigger.js.map
C:\Users\localadmin\Videos\StoreCommerce43\Pos\Extend\CFZTransactionTrigger\PrePaymentTrigger.js
C:\Users\localadmin\Videos\StoreCommerce43\Pos\Extend\CFZTransactionTrigger\PrePaymentTrigger.js.map
C:\Users\localadmin\Videos\StoreCommerce43\Pos\Operations\CfzCustomerBalanceOperationResponse.js
C:\Users\localadmin\Videos\StoreCommerce43\Pos\Operations\CfzCustomerBalanceOperationResponse.js.map
C:\Users\localadmin\Videos\StoreCommerce43\Pos\Operations\CfzCustomerBalanceOperationRequest.js
C:\Users\localadmin\Videos\StoreCommerce43\Pos\Operations\CfzCustomerBalanceOperationRequest.js.map
C:\Users\localadmin\Videos\StoreCommerce43\Pos\Operations\CfzCustomerBalanceOperationRequestFactory.js
C:\Users\localadmin\Videos\StoreCommerce43\Pos\Operations\CfzCustomerBalanceOperationRequestFactory.js.map
C:\Users\localadmin\Videos\StoreCommerce43\Pos\Operations\CfzCustomerBalanceOperationRequestHandler.js
C:\Users\localadmin\Videos\StoreCommerce43\Pos\Operations\CfzCustomerBalanceOperationRequestHandler.js.map
C:\Users\localadmin\Videos\StoreCommerce43\Pos\Operations\CfzCustomerSearchOperationResponse.js
C:\Users\localadmin\Videos\StoreCommerce43\Pos\Operations\CfzCustomerSearchOperationResponse.js.map
C:\Users\localadmin\Videos\StoreCommerce43\Pos\Operations\CfzCustomerSearchOperationRequest.js
C:\Users\localadmin\Videos\StoreCommerce43\Pos\Operations\CfzCustomerSearchOperationRequest.js.map
C:\Users\localadmin\Videos\StoreCommerce43\Pos\Operations\CfzCustomerSearchOperationRequestFactory.js
C:\Users\localadmin\Videos\StoreCommerce43\Pos\Operations\CfzCustomerSearchOperationRequestFactory.js.map
C:\Users\localadmin\Videos\StoreCommerce43\Pos\Operations\CfzCustomerSearchOperationRequestHandler.js
C:\Users\localadmin\Videos\StoreCommerce43\Pos\Operations\CfzCustomerSearchOperationRequestHandler.js.map
C:\Users\localadmin\Videos\StoreCommerce43\Pos\ViewExtensions\ProductSearchListColumn.js
C:\Users\localadmin\Videos\StoreCommerce43\Pos\ViewExtensions\ProductSearchListColumn.js.map
